2024-01-27 13:11:21,941 [Worker-6: Loading available Gradle versions] INFO  o.e.b.c.i.u.g.PublishedGradleVersions - Gradle version information cache is up-to-date. Trying to read.
2024-01-27 13:15:33,279 [Worker-6: Loading available Gradle versions] INFO  o.e.b.c.i.u.g.PublishedGradleVersions - Gradle version information cache is up-to-date. Trying to read.
2024-01-27 16:24:53,039 [main] ERROR o.e.m.j.u.i.DownloadSourcesActionDelegate - Could not schedule source download
org.eclipse.jdt.core.JavaModelException: JavaFxTesting does not exist
	at org.eclipse.jdt.internal.core.JavaElement.newNotPresentException(JavaElement.java:549)
	at org.eclipse.jdt.internal.core.JavaModelManager.getPerProjectInfoCheckExistence(JavaModelManager.java:2576)
	at org.eclipse.jdt.internal.core.JavaProject.getPerProjectInfo(JavaProject.java:2438)
	at org.eclipse.jdt.internal.core.JavaProject.getResolvedClasspath(JavaProject.java:2511)
	at org.eclipse.jdt.internal.core.JavaProject.getClasspathEntryFor(JavaProject.java:1870)
	at org.eclipse.jdt.internal.core.PackageFragmentRoot.getSourceAttachmentPath(PackageFragmentRoot.java:671)
	at org.eclipse.m2e.jdt.ui.internal.DownloadSourcesActionDelegate.setActiveEditor(DownloadSourcesActionDelegate.java:50)
	at org.eclipse.ui.internal.EditorPluginAction.editorChanged(EditorPluginAction.java:69)
	at org.eclipse.ui.internal.EditorActionBuilder$EditorContribution.editorChanged(EditorActionBuilder.java:77)
	at org.eclipse.ui.internal.EditorActionBuilder$ExternalContributor.setActiveEditor(EditorActionBuilder.java:123)
	at org.eclipse.ui.internal.EditorActionBars.partChanged(EditorActionBars.java:338)
	at org.eclipse.ui.internal.WorkbenchPage.updateActivations(WorkbenchPage.java:324)
	at org.eclipse.ui.internal.WorkbenchPage$E4PartListener.partActivated(WorkbenchPage.java:213)
	at org.eclipse.e4.ui.internal.workbench.PartServiceImpl$2.run(PartServiceImpl.java:250)
	at org.eclipse.core.runtime.SafeRunner.run(SafeRunner.java:47)
	at org.eclipse.e4.ui.internal.workbench.PartServiceImpl.firePartActivated(PartServiceImpl.java:247)
	at org.eclipse.e4.ui.internal.workbench.PartServiceImpl.activate(PartServiceImpl.java:780)
	at org.eclipse.e4.ui.internal.workbench.PartServiceImpl.activate(PartServiceImpl.java:686)
	at org.eclipse.e4.ui.internal.workbench.swt.AbstractPartRenderer.activate(AbstractPartRenderer.java:97)
	at org.eclipse.e4.ui.workbench.renderers.swt.ContributedPartRenderer.lambda$0(ContributedPartRenderer.java:63)
	at org.eclipse.swt.widgets.EventTable.sendEvent(EventTable.java:89)
	at org.eclipse.swt.widgets.Display.sendEvent(Display.java:4273)
	at org.eclipse.swt.widgets.Widget.sendEvent(Widget.java:1066)
	at org.eclipse.swt.widgets.Widget.sendEvent(Widget.java:1090)
	at org.eclipse.swt.widgets.Widget.sendEvent(Widget.java:1075)
	at org.eclipse.swt.widgets.Shell.setActiveControl(Shell.java:1529)
	at org.eclipse.swt.widgets.Shell.setActiveControl(Shell.java:1492)
	at org.eclipse.swt.widgets.Control.sendFocusEvent(Control.java:2955)
	at org.eclipse.swt.widgets.Widget.wmSetFocus(Widget.java:2321)
	at org.eclipse.swt.widgets.Control.WM_SETFOCUS(Control.java:5425)
	at org.eclipse.swt.widgets.Control.windowProc(Control.java:4816)
	at org.eclipse.swt.widgets.Text.windowProc(Text.java:2687)
	at org.eclipse.swt.widgets.Display.windowProc(Display.java:5039)
	at org.eclipse.swt.internal.win32.OS.SetFocus(Native Method)
	at org.eclipse.swt.widgets.Control.forceFocus(Control.java:1092)
	at org.eclipse.swt.widgets.Control.setFocus(Control.java:3440)
	at org.eclipse.swt.widgets.Composite.setFocus(Composite.java:1079)
	at org.eclipse.ui.internal.ErrorEditorPart.setFocus(ErrorEditorPart.java:84)
	at org.eclipse.ui.internal.e4.compatibility.CompatibilityPart.delegateSetFocus(CompatibilityPart.java:226)
	at java.base/jdk.internal.reflect.DirectMethodHandleAccessor.invoke(DirectMethodHandleAccessor.java:103)
	at java.base/java.lang.reflect.Method.invoke(Method.java:580)
	at org.eclipse.e4.core.internal.di.MethodRequestor.execute(MethodRequestor.java:58)
	at org.eclipse.e4.core.internal.di.InjectorImpl.invokeUsingClass(InjectorImpl.java:298)
	at org.eclipse.e4.core.internal.di.InjectorImpl.invokeUsingClass(InjectorImpl.java:304)
	at org.eclipse.e4.core.internal.di.InjectorImpl.invoke(InjectorImpl.java:226)
	at org.eclipse.e4.core.contexts.ContextInjectionFactory.invoke(ContextInjectionFactory.java:148)
	at org.eclipse.e4.ui.internal.workbench.swt.PartRenderingEngine.focusGui(PartRenderingEngine.java:790)
	at org.eclipse.e4.ui.workbench.renderers.swt.ContributedPartRenderer$1.setFocus(ContributedPartRenderer.java:106)
	at org.eclipse.swt.custom.CTabItem.setFocus(CTabItem.java:379)
	at org.eclipse.swt.custom.CTabFolder.setFocus(CTabFolder.java:2687)
	at org.eclipse.swt.widgets.Control.fixFocus(Control.java:1049)
	at org.eclipse.swt.widgets.Control.setVisible(Control.java:3952)
	at org.eclipse.swt.custom.CTabFolder.setSelection(CTabFolder.java:3240)
	at org.eclipse.swt.custom.CTabFolder.setSelection(CTabFolder.java:3197)
	at org.eclipse.e4.ui.workbench.renderers.swt.StackRenderer.showTab(StackRenderer.java:1376)
	at org.eclipse.e4.ui.workbench.renderers.swt.LazyStackRenderer.lambda$0(LazyStackRenderer.java:85)
	at org.eclipse.e4.ui.services.internal.events.UIEventHandler.lambda$0(UIEventHandler.java:38)
	at org.eclipse.swt.widgets.Synchronizer.syncExec(Synchronizer.java:183)
	at org.eclipse.ui.internal.UISynchronizer.syncExec(UISynchronizer.java:133)
	at org.eclipse.swt.widgets.Display.syncExec(Display.java:4802)
	at org.eclipse.e4.ui.workbench.swt.DisplayUISynchronize.syncExec(DisplayUISynchronize.java:34)
	at org.eclipse.e4.ui.services.internal.events.UIEventHandler.handleEvent(UIEventHandler.java:38)
	at org.eclipse.equinox.internal.event.EventHandlerWrapper.handleEvent(EventHandlerWrapper.java:208)
	at org.eclipse.equinox.internal.event.EventHandlerTracker.dispatchEvent(EventHandlerTracker.java:206)
	at org.eclipse.equinox.internal.event.EventHandlerTracker.dispatchEvent(EventHandlerTracker.java:1)
	at org.eclipse.osgi.framework.eventmgr.EventManager.dispatchEvent(EventManager.java:234)
	at org.eclipse.osgi.framework.eventmgr.ListenerQueue.dispatchEventSynchronous(ListenerQueue.java:151)
	at org.eclipse.equinox.internal.event.EventAdminImpl.dispatchEvent(EventAdminImpl.java:133)
	at org.eclipse.equinox.internal.event.EventAdminImpl.sendEvent(EventAdminImpl.java:75)
	at org.eclipse.equinox.internal.event.EventComponent.sendEvent(EventComponent.java:44)
	at org.eclipse.e4.ui.services.internal.events.EventBroker.send(EventBroker.java:55)
	at org.eclipse.e4.ui.internal.workbench.UIEventPublisher.notifyChanged(UIEventPublisher.java:63)
	at org.eclipse.emf.common.notify.impl.BasicNotifierImpl.eNotify(BasicNotifierImpl.java:424)
	at org.eclipse.e4.ui.model.application.ui.impl.ElementContainerImpl.setSelectedElementGen(ElementContainerImpl.java:170)
	at org.eclipse.e4.ui.model.application.ui.impl.ElementContainerImpl.setSelectedElement(ElementContainerImpl.java:188)
	at org.eclipse.e4.ui.internal.workbench.ModelServiceImpl.showElementInWindow(ModelServiceImpl.java:661)
	at org.eclipse.e4.ui.internal.workbench.ModelServiceImpl.bringToTop(ModelServiceImpl.java:625)
	at org.eclipse.e4.ui.internal.workbench.PartServiceImpl.delegateBringToTop(PartServiceImpl.java:796)
	at org.eclipse.e4.ui.internal.workbench.PartServiceImpl.showPart(PartServiceImpl.java:1267)
	at org.eclipse.ui.internal.WorkbenchPage.busyOpenEditor(WorkbenchPage.java:3233)
	at org.eclipse.ui.internal.WorkbenchPage.lambda$11(WorkbenchPage.java:3123)
	at org.eclipse.swt.custom.BusyIndicator.showWhile(BusyIndicator.java:67)
	at org.eclipse.ui.internal.WorkbenchPage.openEditor(WorkbenchPage.java:3121)
	at org.eclipse.ui.internal.WorkbenchPage.openEditor(WorkbenchPage.java:3091)
	at org.eclipse.ui.internal.WorkbenchPage.openEditor(WorkbenchPage.java:3082)
	at org.eclipse.jdt.internal.ui.javaeditor.EditorUtility.openInEditor(EditorUtility.java:380)
	at org.eclipse.jdt.internal.ui.javaeditor.EditorUtility.openInEditor(EditorUtility.java:184)
	at org.eclipse.jdt.ui.JavaUI.openInEditor(JavaUI.java:787)
	at org.eclipse.jdt.internal.ui.javaeditor.OverrideIndicatorManager$OverrideIndicator.open(OverrideIndicatorManager.java:113)
	at org.eclipse.jdt.internal.ui.javaeditor.JavaSelectAnnotationRulerAction.runWithEvent(JavaSelectAnnotationRulerAction.java:92)
	at org.eclipse.ui.texteditor.AbstractRulerActionDelegate.runWithEvent(AbstractRulerActionDelegate.java:112)
	at org.eclipse.ui.internal.handlers.ActionDelegateHandlerProxy.execute(ActionDelegateHandlerProxy.java:281)
	at org.eclipse.core.commands.Command.executeWithChecks(Command.java:488)
	at org.eclipse.core.commands.ParameterizedCommand.executeWithChecks(ParameterizedCommand.java:485)
	at org.eclipse.ui.actions.ContributedAction.runWithEvent(ContributedAction.java:176)
	at org.eclipse.ui.texteditor.AbstractTextEditor$1.triggerAction(AbstractTextEditor.java:3025)
	at org.eclipse.ui.texteditor.AbstractTextEditor$1.lambda$0(AbstractTextEditor.java:3039)
	at org.eclipse.swt.widgets.Display.runTimer(Display.java:4169)
	at org.eclipse.swt.widgets.Display.messageProc(Display.java:3290)
	at org.eclipse.swt.internal.win32.OS.DispatchMessage(Native Method)
	at org.eclipse.swt.widgets.Display.readAndDispatch(Display.java:3657)
	at org.eclipse.e4.ui.internal.workbench.swt.PartRenderingEngine$5.run(PartRenderingEngine.java:1155)
	at org.eclipse.core.databinding.observable.Realm.runWithDefault(Realm.java:342)
	at org.eclipse.e4.ui.internal.workbench.swt.PartRenderingEngine.run(PartRenderingEngine.java:1046)
	at org.eclipse.e4.ui.internal.workbench.E4Workbench.createAndRunUI(E4Workbench.java:155)
	at org.eclipse.ui.internal.Workbench.lambda$3(Workbench.java:648)
	at org.eclipse.core.databinding.observable.Realm.runWithDefault(Realm.java:342)
	at org.eclipse.ui.internal.Workbench.createAndRunWorkbench(Workbench.java:555)
	at org.eclipse.ui.PlatformUI.createAndRunWorkbench(PlatformUI.java:173)
	at org.eclipse.ui.internal.ide.application.IDEApplication.start(IDEApplication.java:152)
	at org.eclipse.equinox.internal.app.EclipseAppHandle.run(EclipseAppHandle.java:208)
	at org.eclipse.core.runtime.internal.adaptor.EclipseAppLauncher.runApplication(EclipseAppLauncher.java:136)
	at org.eclipse.core.runtime.internal.adaptor.EclipseAppLauncher.start(EclipseAppLauncher.java:104)
	at org.eclipse.core.runtime.adaptor.EclipseStarter.run(EclipseStarter.java:402)
	at org.eclipse.core.runtime.adaptor.EclipseStarter.run(EclipseStarter.java:255)
	at java.base/jdk.internal.reflect.DirectMethodHandleAccessor.invoke(DirectMethodHandleAccessor.java:103)
	at java.base/java.lang.reflect.Method.invoke(Method.java:580)
	at org.eclipse.equinox.launcher.Main.invokeFramework(Main.java:651)
	at org.eclipse.equinox.launcher.Main.basicRun(Main.java:588)
	at org.eclipse.equinox.launcher.Main.run(Main.java:1459)
2024-01-27 16:26:27,269 [main] ERROR o.e.m.j.u.i.DownloadSourcesActionDelegate - Could not schedule source download
org.eclipse.jdt.core.JavaModelException: JavaFxTesting does not exist
	at org.eclipse.jdt.internal.core.JavaElement.newNotPresentException(JavaElement.java:549)
	at org.eclipse.jdt.internal.core.JavaModelManager.getPerProjectInfoCheckExistence(JavaModelManager.java:2576)
	at org.eclipse.jdt.internal.core.JavaProject.getPerProjectInfo(JavaProject.java:2438)
	at org.eclipse.jdt.internal.core.JavaProject.getResolvedClasspath(JavaProject.java:2511)
	at org.eclipse.jdt.internal.core.JavaProject.getClasspathEntryFor(JavaProject.java:1870)
	at org.eclipse.jdt.internal.core.PackageFragmentRoot.getSourceAttachmentPath(PackageFragmentRoot.java:671)
	at org.eclipse.m2e.jdt.ui.internal.DownloadSourcesActionDelegate.setActiveEditor(DownloadSourcesActionDelegate.java:50)
	at org.eclipse.ui.internal.EditorPluginAction.editorChanged(EditorPluginAction.java:69)
	at org.eclipse.ui.internal.EditorActionBuilder$EditorContribution.editorChanged(EditorActionBuilder.java:77)
	at org.eclipse.ui.internal.EditorActionBuilder$ExternalContributor.setActiveEditor(EditorActionBuilder.java:123)
	at org.eclipse.ui.internal.EditorActionBars.partChanged(EditorActionBars.java:338)
	at org.eclipse.ui.internal.WorkbenchPage.updateActivations(WorkbenchPage.java:324)
	at org.eclipse.ui.internal.WorkbenchPage$E4PartListener.partActivated(WorkbenchPage.java:213)
	at org.eclipse.e4.ui.internal.workbench.PartServiceImpl$2.run(PartServiceImpl.java:250)
	at org.eclipse.core.runtime.SafeRunner.run(SafeRunner.java:47)
	at org.eclipse.e4.ui.internal.workbench.PartServiceImpl.firePartActivated(PartServiceImpl.java:247)
	at org.eclipse.e4.ui.internal.workbench.PartServiceImpl.activate(PartServiceImpl.java:780)
	at org.eclipse.e4.ui.internal.workbench.PartServiceImpl.activate(PartServiceImpl.java:686)
	at org.eclipse.e4.ui.internal.workbench.swt.AbstractPartRenderer.activate(AbstractPartRenderer.java:97)
	at org.eclipse.e4.ui.workbench.renderers.swt.ContributedPartRenderer.lambda$0(ContributedPartRenderer.java:63)
	at org.eclipse.swt.widgets.EventTable.sendEvent(EventTable.java:89)
	at org.eclipse.swt.widgets.Display.sendEvent(Display.java:4273)
	at org.eclipse.swt.widgets.Widget.sendEvent(Widget.java:1066)
	at org.eclipse.swt.widgets.Widget.sendEvent(Widget.java:1090)
	at org.eclipse.swt.widgets.Widget.sendEvent(Widget.java:1075)
	at org.eclipse.swt.widgets.Shell.setActiveControl(Shell.java:1529)
	at org.eclipse.swt.widgets.Shell.setActiveControl(Shell.java:1492)
	at org.eclipse.swt.widgets.Control.sendFocusEvent(Control.java:2955)
	at org.eclipse.swt.widgets.Widget.wmSetFocus(Widget.java:2321)
	at org.eclipse.swt.widgets.Control.WM_SETFOCUS(Control.java:5425)
	at org.eclipse.swt.widgets.Control.windowProc(Control.java:4816)
	at org.eclipse.swt.widgets.Text.windowProc(Text.java:2687)
	at org.eclipse.swt.widgets.Display.windowProc(Display.java:5039)
	at org.eclipse.swt.internal.win32.OS.SetFocus(Native Method)
	at org.eclipse.swt.widgets.Control.forceFocus(Control.java:1092)
	at org.eclipse.swt.widgets.Control.setFocus(Control.java:3440)
	at org.eclipse.swt.widgets.Composite.setFocus(Composite.java:1079)
	at org.eclipse.ui.internal.ErrorEditorPart.setFocus(ErrorEditorPart.java:84)
	at org.eclipse.ui.internal.e4.compatibility.CompatibilityPart.delegateSetFocus(CompatibilityPart.java:226)
	at java.base/jdk.internal.reflect.DirectMethodHandleAccessor.invoke(DirectMethodHandleAccessor.java:103)
	at java.base/java.lang.reflect.Method.invoke(Method.java:580)
	at org.eclipse.e4.core.internal.di.MethodRequestor.execute(MethodRequestor.java:58)
	at org.eclipse.e4.core.internal.di.InjectorImpl.invokeUsingClass(InjectorImpl.java:298)
	at org.eclipse.e4.core.internal.di.InjectorImpl.invokeUsingClass(InjectorImpl.java:304)
	at org.eclipse.e4.core.internal.di.InjectorImpl.invoke(InjectorImpl.java:226)
	at org.eclipse.e4.core.contexts.ContextInjectionFactory.invoke(ContextInjectionFactory.java:148)
	at org.eclipse.e4.ui.internal.workbench.swt.PartRenderingEngine.focusGui(PartRenderingEngine.java:790)
	at org.eclipse.e4.ui.workbench.renderers.swt.ContributedPartRenderer$1.setFocus(ContributedPartRenderer.java:106)
	at org.eclipse.swt.custom.CTabItem.setFocus(CTabItem.java:379)
	at org.eclipse.swt.custom.CTabFolder.setFocus(CTabFolder.java:2687)
	at org.eclipse.swt.widgets.Control.fixFocus(Control.java:1049)
	at org.eclipse.swt.widgets.Control.setVisible(Control.java:3952)
	at org.eclipse.swt.custom.CTabFolder.setSelection(CTabFolder.java:3240)
	at org.eclipse.swt.custom.CTabFolder.setSelection(CTabFolder.java:3197)
	at org.eclipse.e4.ui.workbench.renderers.swt.StackRenderer.showTab(StackRenderer.java:1376)
	at org.eclipse.e4.ui.workbench.renderers.swt.LazyStackRenderer.lambda$0(LazyStackRenderer.java:85)
	at org.eclipse.e4.ui.services.internal.events.UIEventHandler.lambda$0(UIEventHandler.java:38)
	at org.eclipse.swt.widgets.Synchronizer.syncExec(Synchronizer.java:183)
	at org.eclipse.ui.internal.UISynchronizer.syncExec(UISynchronizer.java:133)
	at org.eclipse.swt.widgets.Display.syncExec(Display.java:4802)
	at org.eclipse.e4.ui.workbench.swt.DisplayUISynchronize.syncExec(DisplayUISynchronize.java:34)
	at org.eclipse.e4.ui.services.internal.events.UIEventHandler.handleEvent(UIEventHandler.java:38)
	at org.eclipse.equinox.internal.event.EventHandlerWrapper.handleEvent(EventHandlerWrapper.java:208)
	at org.eclipse.equinox.internal.event.EventHandlerTracker.dispatchEvent(EventHandlerTracker.java:206)
	at org.eclipse.equinox.internal.event.EventHandlerTracker.dispatchEvent(EventHandlerTracker.java:1)
	at org.eclipse.osgi.framework.eventmgr.EventManager.dispatchEvent(EventManager.java:234)
	at org.eclipse.osgi.framework.eventmgr.ListenerQueue.dispatchEventSynchronous(ListenerQueue.java:151)
	at org.eclipse.equinox.internal.event.EventAdminImpl.dispatchEvent(EventAdminImpl.java:133)
	at org.eclipse.equinox.internal.event.EventAdminImpl.sendEvent(EventAdminImpl.java:75)
	at org.eclipse.equinox.internal.event.EventComponent.sendEvent(EventComponent.java:44)
	at org.eclipse.e4.ui.services.internal.events.EventBroker.send(EventBroker.java:55)
	at org.eclipse.e4.ui.internal.workbench.UIEventPublisher.notifyChanged(UIEventPublisher.java:63)
	at org.eclipse.emf.common.notify.impl.BasicNotifierImpl.eNotify(BasicNotifierImpl.java:424)
	at org.eclipse.e4.ui.model.application.ui.impl.ElementContainerImpl.setSelectedElementGen(ElementContainerImpl.java:170)
	at org.eclipse.e4.ui.model.application.ui.impl.ElementContainerImpl.setSelectedElement(ElementContainerImpl.java:188)
	at org.eclipse.e4.ui.internal.workbench.ModelServiceImpl.showElementInWindow(ModelServiceImpl.java:661)
	at org.eclipse.e4.ui.internal.workbench.ModelServiceImpl.bringToTop(ModelServiceImpl.java:625)
	at org.eclipse.e4.ui.internal.workbench.PartServiceImpl.delegateBringToTop(PartServiceImpl.java:796)
	at org.eclipse.e4.ui.internal.workbench.PartServiceImpl.showPart(PartServiceImpl.java:1267)
	at org.eclipse.ui.internal.WorkbenchPage.busyOpenEditor(WorkbenchPage.java:3192)
	at org.eclipse.ui.internal.WorkbenchPage.lambda$11(WorkbenchPage.java:3123)
	at org.eclipse.swt.custom.BusyIndicator.showWhile(BusyIndicator.java:67)
	at org.eclipse.ui.internal.WorkbenchPage.openEditor(WorkbenchPage.java:3121)
	at org.eclipse.ui.internal.WorkbenchPage.openEditor(WorkbenchPage.java:3091)
	at org.eclipse.ui.internal.WorkbenchPage.openEditor(WorkbenchPage.java:3082)
	at org.eclipse.jdt.internal.ui.javaeditor.EditorUtility.openInEditor(EditorUtility.java:380)
	at org.eclipse.jdt.internal.ui.javaeditor.EditorUtility.openInEditor(EditorUtility.java:184)
	at org.eclipse.jdt.ui.JavaUI.openInEditor(JavaUI.java:787)
	at org.eclipse.jdt.internal.ui.javaeditor.OverrideIndicatorManager$OverrideIndicator.open(OverrideIndicatorManager.java:113)
	at org.eclipse.jdt.internal.ui.javaeditor.JavaSelectAnnotationRulerAction.runWithEvent(JavaSelectAnnotationRulerAction.java:92)
	at org.eclipse.ui.texteditor.AbstractRulerActionDelegate.runWithEvent(AbstractRulerActionDelegate.java:112)
	at org.eclipse.ui.internal.handlers.ActionDelegateHandlerProxy.execute(ActionDelegateHandlerProxy.java:281)
	at org.eclipse.core.commands.Command.executeWithChecks(Command.java:488)
	at org.eclipse.core.commands.ParameterizedCommand.executeWithChecks(ParameterizedCommand.java:485)
	at org.eclipse.ui.actions.ContributedAction.runWithEvent(ContributedAction.java:176)
	at org.eclipse.ui.texteditor.AbstractTextEditor$1.triggerAction(AbstractTextEditor.java:3025)
	at org.eclipse.ui.texteditor.AbstractTextEditor$1.lambda$0(AbstractTextEditor.java:3039)
	at org.eclipse.swt.widgets.Display.runTimer(Display.java:4169)
	at org.eclipse.swt.widgets.Display.messageProc(Display.java:3290)
	at org.eclipse.swt.internal.win32.OS.DispatchMessage(Native Method)
	at org.eclipse.swt.widgets.Display.readAndDispatch(Display.java:3657)
	at org.eclipse.e4.ui.internal.workbench.swt.PartRenderingEngine$5.run(PartRenderingEngine.java:1155)
	at org.eclipse.core.databinding.observable.Realm.runWithDefault(Realm.java:342)
	at org.eclipse.e4.ui.internal.workbench.swt.PartRenderingEngine.run(PartRenderingEngine.java:1046)
	at org.eclipse.e4.ui.internal.workbench.E4Workbench.createAndRunUI(E4Workbench.java:155)
	at org.eclipse.ui.internal.Workbench.lambda$3(Workbench.java:648)
	at org.eclipse.core.databinding.observable.Realm.runWithDefault(Realm.java:342)
	at org.eclipse.ui.internal.Workbench.createAndRunWorkbench(Workbench.java:555)
	at org.eclipse.ui.PlatformUI.createAndRunWorkbench(PlatformUI.java:173)
	at org.eclipse.ui.internal.ide.application.IDEApplication.start(IDEApplication.java:152)
	at org.eclipse.equinox.internal.app.EclipseAppHandle.run(EclipseAppHandle.java:208)
	at org.eclipse.core.runtime.internal.adaptor.EclipseAppLauncher.runApplication(EclipseAppLauncher.java:136)
	at org.eclipse.core.runtime.internal.adaptor.EclipseAppLauncher.start(EclipseAppLauncher.java:104)
	at org.eclipse.core.runtime.adaptor.EclipseStarter.run(EclipseStarter.java:402)
	at org.eclipse.core.runtime.adaptor.EclipseStarter.run(EclipseStarter.java:255)
	at java.base/jdk.internal.reflect.DirectMethodHandleAccessor.invoke(DirectMethodHandleAccessor.java:103)
	at java.base/java.lang.reflect.Method.invoke(Method.java:580)
	at org.eclipse.equinox.launcher.Main.invokeFramework(Main.java:651)
	at org.eclipse.equinox.launcher.Main.basicRun(Main.java:588)
	at org.eclipse.equinox.launcher.Main.run(Main.java:1459)
2024-01-27 17:11:45,336 [main] ERROR o.e.m.j.u.i.DownloadSourcesActionDelegate - Could not schedule source download
org.eclipse.jdt.core.JavaModelException: JavaFxTesting does not exist
	at org.eclipse.jdt.internal.core.JavaElement.newNotPresentException(JavaElement.java:549)
	at org.eclipse.jdt.internal.core.JavaModelManager.getPerProjectInfoCheckExistence(JavaModelManager.java:2576)
	at org.eclipse.jdt.internal.core.JavaProject.getPerProjectInfo(JavaProject.java:2438)
	at org.eclipse.jdt.internal.core.JavaProject.getResolvedClasspath(JavaProject.java:2511)
	at org.eclipse.jdt.internal.core.JavaProject.getClasspathEntryFor(JavaProject.java:1870)
	at org.eclipse.jdt.internal.core.PackageFragmentRoot.getSourceAttachmentPath(PackageFragmentRoot.java:671)
	at org.eclipse.m2e.jdt.ui.internal.DownloadSourcesActionDelegate.setActiveEditor(DownloadSourcesActionDelegate.java:50)
	at org.eclipse.ui.internal.EditorPluginAction.editorChanged(EditorPluginAction.java:69)
	at org.eclipse.ui.internal.EditorActionBuilder$EditorContribution.editorChanged(EditorActionBuilder.java:77)
	at org.eclipse.ui.internal.EditorActionBuilder$ExternalContributor.setActiveEditor(EditorActionBuilder.java:123)
	at org.eclipse.ui.internal.EditorActionBars.partChanged(EditorActionBars.java:338)
	at org.eclipse.ui.internal.WorkbenchPage.updateActivations(WorkbenchPage.java:324)
	at org.eclipse.ui.internal.WorkbenchPage$E4PartListener.partActivated(WorkbenchPage.java:213)
	at org.eclipse.e4.ui.internal.workbench.PartServiceImpl$2.run(PartServiceImpl.java:250)
	at org.eclipse.core.runtime.SafeRunner.run(SafeRunner.java:47)
	at org.eclipse.e4.ui.internal.workbench.PartServiceImpl.firePartActivated(PartServiceImpl.java:247)
	at org.eclipse.e4.ui.internal.workbench.PartServiceImpl.activate(PartServiceImpl.java:780)
	at org.eclipse.e4.ui.internal.workbench.PartServiceImpl.activate(PartServiceImpl.java:686)
	at org.eclipse.e4.ui.internal.workbench.swt.AbstractPartRenderer.activate(AbstractPartRenderer.java:97)
	at org.eclipse.e4.ui.workbench.renderers.swt.StackRenderer.lambda$27(StackRenderer.java:1134)
	at org.eclipse.swt.events.SelectionListener$1.widgetSelected(SelectionListener.java:84)
	at org.eclipse.swt.widgets.TypedListener.handleEvent(TypedListener.java:252)
	at org.eclipse.swt.widgets.EventTable.sendEvent(EventTable.java:89)
	at org.eclipse.swt.widgets.Display.sendEvent(Display.java:4273)
	at org.eclipse.swt.widgets.Widget.sendEvent(Widget.java:1066)
	at org.eclipse.swt.widgets.Widget.sendEvent(Widget.java:1090)
	at org.eclipse.swt.widgets.Widget.sendEvent(Widget.java:1075)
	at org.eclipse.swt.widgets.Widget.notifyListeners(Widget.java:778)
	at org.eclipse.swt.custom.CTabFolder.setSelection(CTabFolder.java:3252)
	at org.eclipse.swt.custom.CTabFolder.onMouse(CTabFolder.java:1891)
	at org.eclipse.swt.custom.CTabFolder.lambda$0(CTabFolder.java:332)
	at org.eclipse.swt.widgets.EventTable.sendEvent(EventTable.java:89)
	at org.eclipse.swt.widgets.Display.sendEvent(Display.java:4273)
	at org.eclipse.swt.widgets.Widget.sendEvent(Widget.java:1066)
	at org.eclipse.swt.widgets.Display.runDeferredEvents(Display.java:4071)
	at org.eclipse.swt.widgets.Display.readAndDispatch(Display.java:3659)
	at org.eclipse.e4.ui.internal.workbench.swt.PartRenderingEngine$5.run(PartRenderingEngine.java:1155)
	at org.eclipse.core.databinding.observable.Realm.runWithDefault(Realm.java:342)
	at org.eclipse.e4.ui.internal.workbench.swt.PartRenderingEngine.run(PartRenderingEngine.java:1046)
	at org.eclipse.e4.ui.internal.workbench.E4Workbench.createAndRunUI(E4Workbench.java:155)
	at org.eclipse.ui.internal.Workbench.lambda$3(Workbench.java:648)
	at org.eclipse.core.databinding.observable.Realm.runWithDefault(Realm.java:342)
	at org.eclipse.ui.internal.Workbench.createAndRunWorkbench(Workbench.java:555)
	at org.eclipse.ui.PlatformUI.createAndRunWorkbench(PlatformUI.java:173)
	at org.eclipse.ui.internal.ide.application.IDEApplication.start(IDEApplication.java:152)
	at org.eclipse.equinox.internal.app.EclipseAppHandle.run(EclipseAppHandle.java:208)
	at org.eclipse.core.runtime.internal.adaptor.EclipseAppLauncher.runApplication(EclipseAppLauncher.java:136)
	at org.eclipse.core.runtime.internal.adaptor.EclipseAppLauncher.start(EclipseAppLauncher.java:104)
	at org.eclipse.core.runtime.adaptor.EclipseStarter.run(EclipseStarter.java:402)
	at org.eclipse.core.runtime.adaptor.EclipseStarter.run(EclipseStarter.java:255)
	at java.base/jdk.internal.reflect.DirectMethodHandleAccessor.invoke(DirectMethodHandleAccessor.java:103)
	at java.base/java.lang.reflect.Method.invoke(Method.java:580)
	at org.eclipse.equinox.launcher.Main.invokeFramework(Main.java:651)
	at org.eclipse.equinox.launcher.Main.basicRun(Main.java:588)
	at org.eclipse.equinox.launcher.Main.run(Main.java:1459)
2024-01-29 19:25:51,134 [Worker-3: Loading available Gradle versions] INFO  o.e.b.c.i.u.g.PublishedGradleVersions - Gradle version information cache is out-of-date. Trying to update.
2024-01-30 17:53:37,607 [Worker-1: Loading available Gradle versions] INFO  o.e.b.c.i.u.g.PublishedGradleVersions - Gradle version information cache is up-to-date. Trying to read.
2024-01-31 11:08:31,955 [Worker-8: Loading available Gradle versions] INFO  o.e.b.c.i.u.g.PublishedGradleVersions - Gradle version information cache is out-of-date. Trying to update.
2024-01-31 11:08:32,535 [Worker-8: Loading available Gradle versions] INFO  o.e.b.c.i.u.g.PublishedGradleVersions - Updating Gradle version information cache failed. Using outdated cache.
2024-02-01 06:23:50,477 [Worker-5: Loading available Gradle versions] INFO  o.e.b.c.i.u.g.PublishedGradleVersions - Gradle version information cache is up-to-date. Trying to read.
2024-02-01 10:10:06,507 [Worker-2: Loading available Gradle versions] INFO  o.e.b.c.i.u.g.PublishedGradleVersions - Gradle version information cache is up-to-date. Trying to read.
2024-02-02 13:43:43,210 [Worker-7: Loading available Gradle versions] INFO  o.e.b.c.i.u.g.PublishedGradleVersions - Gradle version information cache is out-of-date. Trying to update.
2024-02-03 19:18:33,735 [Worker-3: Loading available Gradle versions] INFO  o.e.b.c.i.u.g.PublishedGradleVersions - Gradle version information cache is out-of-date. Trying to update.
2024-02-04 06:11:16,471 [Worker-1: Loading available Gradle versions] INFO  o.e.b.c.i.u.g.PublishedGradleVersions - Gradle version information cache is up-to-date. Trying to read.
2024-02-05 12:50:20,472 [Worker-1: Loading available Gradle versions] INFO  o.e.b.c.i.u.g.PublishedGradleVersions - Gradle version information cache is out-of-date. Trying to update.
2024-02-05 20:53:19,237 [Worker-2: Loading available Gradle versions] INFO  o.e.b.c.i.u.g.PublishedGradleVersions - Gradle version information cache is up-to-date. Trying to read.
2024-02-06 18:10:56,595 [Worker-7: Loading available Gradle versions] INFO  o.e.b.c.i.u.g.PublishedGradleVersions - Gradle version information cache is up-to-date. Trying to read.
2024-02-06 18:14:00,616 [Worker-8: Loading available Gradle versions] INFO  o.e.b.c.i.u.g.PublishedGradleVersions - Gradle version information cache is up-to-date. Trying to read.
2024-02-08 12:42:09,126 [Worker-3: Loading available Gradle versions] INFO  o.e.b.c.i.u.g.PublishedGradleVersions - Gradle version information cache is out-of-date. Trying to update.
